[21:35:54] [ServerMain/INFO]: Building unoptimized datafixer
[21:35:55] [ServerMain/INFO]: Environment: authHost='https://authserver.mojang.com', accountsHost='https://api.mojang.com', sessionHost='https://sessionserver.mojang.com', servicesHost='https://api.minecraftservices.com', name='PROD'
[21:35:55] [ServerMain/INFO]: Found new data pack file/bukkit, loading it automatically
[21:35:57] [ServerMain/INFO]: Loaded 7 recipes
[21:35:58] [Server thread/INFO]: Starting minecraft server version 1.19.2
[21:35:58] [Server thread/INFO]: Loading properties
[21:35:58] [Server thread/INFO]: This server is running CraftBukkit version 3610-Spigot-6198b5a-19df23a (MC: 1.19.2) (Implementing API version 1.19.2-R0.1-SNAPSHOT)
[21:35:58] [Server thread/INFO]: Debug logging is disabled
[21:35:58] [Server thread/INFO]: Server Ping Player Sample Count: 12
[21:35:58] [Server thread/INFO]: Using 4 threads for Netty based IO
[21:35:58] [Server thread/INFO]: Default game type: SURVIVAL
[21:35:58] [Server thread/INFO]: Generating keypair
[21:35:58] [Server thread/INFO]: Starting Minecraft server on *:25565
[21:35:59] [Server thread/INFO]: Using epoll channel type
[21:35:59] [Server thread/INFO]: Preparing level "world"
[21:35:59] [Server thread/INFO]: -------- World Settings For [world] --------
[21:35:59] [Server thread/INFO]: Entity Activation Range: An 32 / Mo 32 / Ra 48 / Mi 16 / Tiv true / Isa false
[21:35:59] [Server thread/INFO]: Entity Tracking Range: Pl 48 / An 48 / Mo 48 / Mi 32 / Other 64
[21:35:59] [Server thread/INFO]: Hopper Transfer: 8 Hopper Check: 1 Hopper Amount: 1 Hopper Can Load Chunks: false
[21:35:59] [Server thread/INFO]: Custom Map Seeds:  Village: 10387312 Desert: 14357617 Igloo: 14357618 Jungle: 14357619 Swamp: 14357620 Monument: 10387313 Ocean: 14357621 Shipwreck: 165745295 End City: 10387313 Slime: 987234911 Nether: 30084232 Mansion: 10387319 Fossil: 14357921 Portal: 34222645
[21:35:59] [Server thread/INFO]: Cactus Growth Modifier: 100%
[21:35:59] [Server thread/INFO]: Cane Growth Modifier: 100%
[21:35:59] [Server thread/INFO]: Melon Growth Modifier: 100%
[21:35:59] [Server thread/INFO]: Mushroom Growth Modifier: 100%
[21:35:59] [Server thread/INFO]: Pumpkin Growth Modifier: 100%
[21:35:59] [Server thread/INFO]: Sapling Growth Modifier: 100%
[21:35:59] [Server thread/INFO]: Beetroot Growth Modifier: 100%
[21:35:59] [Server thread/INFO]: Carrot Growth Modifier: 100%
[21:35:59] [Server thread/INFO]: Potato Growth Modifier: 100%
[21:35:59] [Server thread/INFO]: Wheat Growth Modifier: 100%
[21:35:59] [Server thread/INFO]: NetherWart Growth Modifier: 100%
[21:35:59] [Server thread/INFO]: Vine Growth Modifier: 100%
[21:35:59] [Server thread/INFO]: Cocoa Growth Modifier: 100%
[21:35:59] [Server thread/INFO]: Bamboo Growth Modifier: 100%
[21:35:59] [Server thread/INFO]: SweetBerry Growth Modifier: 100%
[21:35:59] [Server thread/INFO]: Kelp Growth Modifier: 100%
[21:35:59] [Server thread/INFO]: TwistingVines Growth Modifier: 100%
[21:35:59] [Server thread/INFO]: WeepingVines Growth Modifier: 100%
[21:35:59] [Server thread/INFO]: CaveVines Growth Modifier: 100%
[21:35:59] [Server thread/INFO]: Experience Merge Radius: 3.0
[21:35:59] [Server thread/INFO]: Mob Spawn Range: 6
[21:35:59] [Server thread/INFO]: Max TNT Explosions: 100
[21:35:59] [Server thread/INFO]: Tile Max Tick Time: 50ms Entity max Tick Time: 50ms
[21:35:59] [Server thread/INFO]: Item Despawn Rate: 6000
[21:35:59] [Server thread/INFO]: Item Merge Radius: 2.5
[21:35:59] [Server thread/INFO]: View Distance: 10
[21:35:59] [Server thread/INFO]: Simulation Distance: 10
[21:35:59] [Server thread/INFO]: Allow Zombie Pigmen to spawn from portal blocks: true
[21:35:59] [Server thread/INFO]: Arrow Despawn Rate: 1200 Trident Respawn Rate:1200
[21:35:59] [Server thread/INFO]: Zombie Aggressive Towards Villager: true
[21:35:59] [Server thread/INFO]: Nerfing mobs spawned from spawners: false
[21:36:16] [Server thread/INFO]: -------- World Settings For [world_nether] --------
[21:36:16] [Server thread/INFO]: Entity Activation Range: An 32 / Mo 32 / Ra 48 / Mi 16 / Tiv true / Isa false
[21:36:16] [Server thread/INFO]: Entity Tracking Range: Pl 48 / An 48 / Mo 48 / Mi 32 / Other 64
[21:36:16] [Server thread/INFO]: Hopper Transfer: 8 Hopper Check: 1 Hopper Amount: 1 Hopper Can Load Chunks: false
[21:36:16] [Server thread/INFO]: Custom Map Seeds:  Village: 10387312 Desert: 14357617 Igloo: 14357618 Jungle: 14357619 Swamp: 14357620 Monument: 10387313 Ocean: 14357621 Shipwreck: 165745295 End City: 10387313 Slime: 987234911 Nether: 30084232 Mansion: 10387319 Fossil: 14357921 Portal: 34222645
[21:36:16] [Server thread/INFO]: Cactus Growth Modifier: 100%
[21:36:16] [Server thread/INFO]: Cane Growth Modifier: 100%
[21:36:16] [Server thread/INFO]: Melon Growth Modifier: 100%
[21:36:16] [Server thread/INFO]: Mushroom Growth Modifier: 100%
[21:36:16] [Server thread/INFO]: Pumpkin Growth Modifier: 100%
[21:36:16] [Server thread/INFO]: Sapling Growth Modifier: 100%
[21:36:16] [Server thread/INFO]: Beetroot Growth Modifier: 100%
[21:36:16] [Server thread/INFO]: Carrot Growth Modifier: 100%
[21:36:16] [Server thread/INFO]: Potato Growth Modifier: 100%
[21:36:16] [Server thread/INFO]: Wheat Growth Modifier: 100%
[21:36:16] [Server thread/INFO]: NetherWart Growth Modifier: 100%
[21:36:16] [Server thread/INFO]: Vine Growth Modifier: 100%
[21:36:16] [Server thread/INFO]: Cocoa Growth Modifier: 100%
[21:36:16] [Server thread/INFO]: Bamboo Growth Modifier: 100%
[21:36:16] [Server thread/INFO]: SweetBerry Growth Modifier: 100%
[21:36:16] [Server thread/INFO]: Kelp Growth Modifier: 100%
[21:36:16] [Server thread/INFO]: TwistingVines Growth Modifier: 100%
[21:36:16] [Server thread/INFO]: WeepingVines Growth Modifier: 100%
[21:36:16] [Server thread/INFO]: CaveVines Growth Modifier: 100%
[21:36:16] [Server thread/INFO]: Experience Merge Radius: 3.0
[21:36:16] [Server thread/INFO]: Mob Spawn Range: 6
[21:36:16] [Server thread/INFO]: Max TNT Explosions: 100
[21:36:16] [Server thread/INFO]: Tile Max Tick Time: 50ms Entity max Tick Time: 50ms
[21:36:16] [Server thread/INFO]: Item Despawn Rate: 6000
[21:36:16] [Server thread/INFO]: Item Merge Radius: 2.5
[21:36:16] [Server thread/INFO]: View Distance: 10
[21:36:16] [Server thread/INFO]: Simulation Distance: 10
[21:36:16] [Server thread/INFO]: Allow Zombie Pigmen to spawn from portal blocks: true
[21:36:16] [Server thread/INFO]: Arrow Despawn Rate: 1200 Trident Respawn Rate:1200
[21:36:16] [Server thread/INFO]: Zombie Aggressive Towards Villager: true
[21:36:16] [Server thread/INFO]: Nerfing mobs spawned from spawners: false
[21:36:18] [Server thread/INFO]: -------- World Settings For [world_the_end] --------
[21:36:18] [Server thread/INFO]: Entity Activation Range: An 32 / Mo 32 / Ra 48 / Mi 16 / Tiv true / Isa false
[21:36:18] [Server thread/INFO]: Entity Tracking Range: Pl 48 / An 48 / Mo 48 / Mi 32 / Other 64
[21:36:18] [Server thread/INFO]: Hopper Transfer: 8 Hopper Check: 1 Hopper Amount: 1 Hopper Can Load Chunks: false
[21:36:18] [Server thread/INFO]: Custom Map Seeds:  Village: 10387312 Desert: 14357617 Igloo: 14357618 Jungle: 14357619 Swamp: 14357620 Monument: 10387313 Ocean: 14357621 Shipwreck: 165745295 End City: 10387313 Slime: 987234911 Nether: 30084232 Mansion: 10387319 Fossil: 14357921 Portal: 34222645
[21:36:18] [Server thread/INFO]: Cactus Growth Modifier: 100%
[21:36:18] [Server thread/INFO]: Cane Growth Modifier: 100%
[21:36:18] [Server thread/INFO]: Melon Growth Modifier: 100%
[21:36:18] [Server thread/INFO]: Mushroom Growth Modifier: 100%
[21:36:18] [Server thread/INFO]: Pumpkin Growth Modifier: 100%
[21:36:18] [Server thread/INFO]: Sapling Growth Modifier: 100%
[21:36:18] [Server thread/INFO]: Beetroot Growth Modifier: 100%
[21:36:18] [Server thread/INFO]: Carrot Growth Modifier: 100%
[21:36:18] [Server thread/INFO]: Potato Growth Modifier: 100%
[21:36:18] [Server thread/INFO]: Wheat Growth Modifier: 100%
[21:36:18] [Server thread/INFO]: NetherWart Growth Modifier: 100%
[21:36:18] [Server thread/INFO]: Vine Growth Modifier: 100%
[21:36:18] [Server thread/INFO]: Cocoa Growth Modifier: 100%
[21:36:18] [Server thread/INFO]: Bamboo Growth Modifier: 100%
[21:36:18] [Server thread/INFO]: SweetBerry Growth Modifier: 100%
[21:36:18] [Server thread/INFO]: Kelp Growth Modifier: 100%
[21:36:18] [Server thread/INFO]: TwistingVines Growth Modifier: 100%
[21:36:18] [Server thread/INFO]: WeepingVines Growth Modifier: 100%
[21:36:18] [Server thread/INFO]: CaveVines Growth Modifier: 100%
[21:36:18] [Server thread/INFO]: Experience Merge Radius: 3.0
[21:36:18] [Server thread/INFO]: Mob Spawn Range: 6
[21:36:18] [Server thread/INFO]: Max TNT Explosions: 100
[21:36:18] [Server thread/INFO]: Tile Max Tick Time: 50ms Entity max Tick Time: 50ms
[21:36:18] [Server thread/INFO]: Item Despawn Rate: 6000
[21:36:18] [Server thread/INFO]: Item Merge Radius: 2.5
[21:36:18] [Server thread/INFO]: View Distance: 10
[21:36:18] [Server thread/INFO]: Simulation Distance: 10
[21:36:18] [Server thread/INFO]: Allow Zombie Pigmen to spawn from portal blocks: true
[21:36:18] [Server thread/INFO]: Arrow Despawn Rate: 1200 Trident Respawn Rate:1200
[21:36:18] [Server thread/INFO]: Zombie Aggressive Towards Villager: true
[21:36:18] [Server thread/INFO]: Nerfing mobs spawned from spawners: false
[21:36:19] [Server thread/INFO]: Preparing start region for dimension minecraft:overworld
[21:36:22] [Worker-Main-2/INFO]: Preparing spawn area: 0%
[21:36:22] [Worker-Main-1/INFO]: Preparing spawn area: 0%
[21:36:22] [Worker-Main-1/INFO]: Preparing spawn area: 0%
[21:36:22] [Worker-Main-2/INFO]: Preparing spawn area: 0%
[21:36:22] [Worker-Main-3/INFO]: Preparing spawn area: 0%
[21:36:22] [Worker-Main-3/INFO]: Preparing spawn area: 0%
[21:36:22] [Worker-Main-1/INFO]: Preparing spawn area: 0%
[21:36:22] [Worker-Main-3/INFO]: Preparing spawn area: 0%
[21:36:23] [Worker-Main-2/INFO]: Preparing spawn area: 0%
[21:36:23] [Worker-Main-1/INFO]: Preparing spawn area: 0%
[21:36:24] [Worker-Main-3/INFO]: Preparing spawn area: 0%
[21:36:24] [Worker-Main-3/INFO]: Preparing spawn area: 0%
[21:36:25] [Worker-Main-2/INFO]: Preparing spawn area: 0%
[21:36:25] [Worker-Main-1/INFO]: Preparing spawn area: 0%
[21:36:26] [Worker-Main-3/INFO]: Preparing spawn area: 1%
[21:36:26] [Worker-Main-1/INFO]: Preparing spawn area: 2%
[21:36:27] [Worker-Main-2/INFO]: Preparing spawn area: 2%
[21:36:27] [Worker-Main-2/INFO]: Preparing spawn area: 3%
[21:36:28] [Worker-Main-2/INFO]: Preparing spawn area: 4%
[21:36:28] [Worker-Main-3/INFO]: Preparing spawn area: 5%
[21:36:29] [Worker-Main-1/INFO]: Preparing spawn area: 7%
[21:36:29] [Worker-Main-2/INFO]: Preparing spawn area: 7%
[21:36:30] [Worker-Main-3/INFO]: Preparing spawn area: 9%
[21:36:30] [Worker-Main-3/INFO]: Preparing spawn area: 9%
[21:36:31] [Worker-Main-3/INFO]: Preparing spawn area: 10%
[21:36:31] [Worker-Main-2/INFO]: Preparing spawn area: 12%
[21:36:32] [Worker-Main-2/INFO]: Preparing spawn area: 14%
[21:36:32] [Worker-Main-1/INFO]: Preparing spawn area: 15%
[21:36:33] [Worker-Main-2/INFO]: Preparing spawn area: 16%
[21:36:33] [Worker-Main-1/INFO]: Preparing spawn area: 17%
[21:36:34] [Worker-Main-1/INFO]: Preparing spawn area: 18%
[21:36:34] [Worker-Main-3/INFO]: Preparing spawn area: 19%
[21:36:35] [Worker-Main-3/INFO]: Preparing spawn area: 20%
[21:36:35] [Worker-Main-1/INFO]: Preparing spawn area: 21%
[21:36:36] [Worker-Main-3/INFO]: Preparing spawn area: 22%
[21:36:36] [Worker-Main-3/INFO]: Preparing spawn area: 24%
[21:36:37] [Worker-Main-3/INFO]: Preparing spawn area: 26%
[21:36:37] [Worker-Main-1/INFO]: Preparing spawn area: 28%
[21:36:38] [Worker-Main-1/INFO]: Preparing spawn area: 29%
[21:36:38] [Worker-Main-3/INFO]: Preparing spawn area: 31%
[21:36:39] [Worker-Main-1/INFO]: Preparing spawn area: 31%
[21:36:39] [Worker-Main-3/INFO]: Preparing spawn area: 31%
[21:36:40] [Worker-Main-3/INFO]: Preparing spawn area: 32%
[21:36:40] [Worker-Main-1/INFO]: Preparing spawn area: 32%
[21:36:41] [Worker-Main-2/INFO]: Preparing spawn area: 33%
[21:36:41] [Worker-Main-3/INFO]: Preparing spawn area: 35%
[21:36:42] [Worker-Main-2/INFO]: Preparing spawn area: 37%
[21:36:42] [Worker-Main-1/INFO]: Preparing spawn area: 38%
[21:36:43] [Worker-Main-3/INFO]: Preparing spawn area: 40%
[21:36:43] [Worker-Main-2/INFO]: Preparing spawn area: 41%
[21:36:44] [Worker-Main-2/INFO]: Preparing spawn area: 42%
[21:36:44] [Worker-Main-1/INFO]: Preparing spawn area: 42%
[21:36:45] [Worker-Main-1/INFO]: Preparing spawn area: 42%
[21:36:45] [Worker-Main-2/INFO]: Preparing spawn area: 43%
[21:36:46] [Worker-Main-3/INFO]: Preparing spawn area: 43%
[21:36:46] [Worker-Main-2/INFO]: Preparing spawn area: 44%
[21:36:47] [Worker-Main-3/INFO]: Preparing spawn area: 46%
[21:36:47] [Worker-Main-1/INFO]: Preparing spawn area: 46%
[21:36:48] [Worker-Main-1/INFO]: Preparing spawn area: 47%
[21:36:48] [Worker-Main-2/INFO]: Preparing spawn area: 48%
[21:36:49] [Worker-Main-3/INFO]: Preparing spawn area: 49%
[21:36:49] [Worker-Main-2/INFO]: Preparing spawn area: 51%
[21:36:50] [Worker-Main-1/INFO]: Preparing spawn area: 52%
[21:36:50] [Worker-Main-3/INFO]: Preparing spawn area: 54%
[21:36:51] [Worker-Main-1/INFO]: Preparing spawn area: 54%
[21:36:51] [Worker-Main-2/INFO]: Preparing spawn area: 55%
[21:36:52] [Worker-Main-2/INFO]: Preparing spawn area: 57%
[21:36:52] [Worker-Main-3/INFO]: Preparing spawn area: 59%
[21:36:53] [Worker-Main-1/INFO]: Preparing spawn area: 60%
[21:36:53] [Worker-Main-2/INFO]: Preparing spawn area: 62%
[21:36:54] [Worker-Main-1/INFO]: Preparing spawn area: 64%
[21:36:54] [Worker-Main-1/INFO]: Preparing spawn area: 67%
[21:36:55] [Worker-Main-3/INFO]: Preparing spawn area: 68%
[21:36:55] [Worker-Main-1/INFO]: Preparing spawn area: 70%
[21:36:56] [Worker-Main-3/INFO]: Preparing spawn area: 73%
[21:36:56] [Worker-Main-1/INFO]: Preparing spawn area: 74%
[21:36:57] [Worker-Main-2/INFO]: Preparing spawn area: 76%
[21:36:57] [Worker-Main-3/INFO]: Preparing spawn area: 78%
[21:36:58] [Worker-Main-2/INFO]: Preparing spawn area: 80%
[21:36:58] [Worker-Main-1/INFO]: Preparing spawn area: 83%
[21:36:59] [Worker-Main-2/INFO]: Preparing spawn area: 84%
[21:36:59] [Worker-Main-1/INFO]: Preparing spawn area: 85%
[21:37:00] [Worker-Main-2/INFO]: Preparing spawn area: 87%
[21:37:00] [Worker-Main-3/INFO]: Preparing spawn area: 89%
[21:37:01] [Worker-Main-3/INFO]: Preparing spawn area: 91%
[21:37:01] [Worker-Main-3/INFO]: Preparing spawn area: 93%
[21:37:02] [Worker-Main-3/INFO]: Preparing spawn area: 95%
[21:37:03] [Worker-Main-3/INFO]: Preparing spawn area: 96%
[21:37:03] [Worker-Main-3/INFO]: Preparing spawn area: 96%
[21:37:03] [Worker-Main-3/INFO]: Preparing spawn area: 96%
[21:37:04] [Worker-Main-2/INFO]: Preparing spawn area: 97%
[21:37:04] [Worker-Main-2/INFO]: Preparing spawn area: 98%
[21:37:05] [Server thread/INFO]: Time elapsed: 45947 ms
[21:37:05] [Server thread/INFO]: Preparing start region for dimension minecraft:the_nether
[21:37:05] [Worker-Main-3/INFO]: Preparing spawn area: 0%
[21:37:05] [Worker-Main-1/INFO]: Preparing spawn area: 0%
[21:37:06] [Worker-Main-1/INFO]: Preparing spawn area: 0%
[21:37:06] [Worker-Main-2/INFO]: Preparing spawn area: 1%
[21:37:07] [Worker-Main-1/INFO]: Preparing spawn area: 3%
[21:37:07] [Worker-Main-1/INFO]: Preparing spawn area: 5%
[21:37:08] [Worker-Main-3/INFO]: Preparing spawn area: 6%
[21:37:08] [Worker-Main-3/INFO]: Preparing spawn area: 9%
[21:37:09] [Worker-Main-2/INFO]: Preparing spawn area: 11%
[21:37:09] [Worker-Main-1/INFO]: Preparing spawn area: 13%
[21:37:10] [Worker-Main-1/INFO]: Preparing spawn area: 16%
[21:37:11] [Worker-Main-2/INFO]: Preparing spawn area: 16%
[21:37:11] [Worker-Main-1/INFO]: Preparing spawn area: 16%
[21:37:11] [Worker-Main-1/INFO]: Preparing spawn area: 16%
[21:37:12] [Worker-Main-1/INFO]: Preparing spawn area: 19%
[21:37:12] [Worker-Main-1/INFO]: Preparing spawn area: 20%
[21:37:13] [Worker-Main-1/INFO]: Preparing spawn area: 23%
[21:37:13] [Worker-Main-1/INFO]: Preparing spawn area: 26%
[21:37:14] [Worker-Main-2/INFO]: Preparing spawn area: 28%
[21:37:14] [Worker-Main-1/INFO]: Preparing spawn area: 31%
[21:37:15] [Worker-Main-1/INFO]: Preparing spawn area: 34%
[21:37:15] [Worker-Main-2/INFO]: Preparing spawn area: 36%
[21:37:16] [Worker-Main-1/INFO]: Preparing spawn area: 37%
[21:37:16] [Worker-Main-2/INFO]: Preparing spawn area: 38%
[21:37:17] [Worker-Main-1/INFO]: Preparing spawn area: 41%
[21:37:17] [Worker-Main-2/INFO]: Preparing spawn area: 44%
[21:37:18] [Worker-Main-3/INFO]: Preparing spawn area: 47%
[21:37:18] [Worker-Main-2/INFO]: Preparing spawn area: 50%
[21:37:19] [Worker-Main-3/INFO]: Preparing spawn area: 53%
[21:37:19] [Worker-Main-3/INFO]: Preparing spawn area: 56%
[21:37:20] [Worker-Main-3/INFO]: Preparing spawn area: 59%
[21:37:20] [Worker-Main-1/INFO]: Preparing spawn area: 62%
[21:37:21] [Worker-Main-3/INFO]: Preparing spawn area: 65%
[21:37:21] [Worker-Main-1/INFO]: Preparing spawn area: 68%
[21:37:22] [Worker-Main-1/INFO]: Preparing spawn area: 72%
[21:37:22] [Worker-Main-3/INFO]: Preparing spawn area: 74%
[21:37:23] [Worker-Main-3/INFO]: Preparing spawn area: 78%
[21:37:23] [Worker-Main-1/INFO]: Preparing spawn area: 82%
[21:37:24] [Worker-Main-3/INFO]: Preparing spawn area: 85%
[21:37:24] [Worker-Main-2/INFO]: Preparing spawn area: 88%
[21:37:25] [Worker-Main-3/INFO]: Preparing spawn area: 91%
[21:37:25] [Worker-Main-3/INFO]: Preparing spawn area: 95%
[21:37:26] [Server thread/INFO]: Time elapsed: 20991 ms
[21:37:26] [Server thread/INFO]: Preparing start region for dimension minecraft:the_end
[21:37:28] [Worker-Main-3/INFO]: Preparing spawn area: 0%
[21:37:28] [Worker-Main-3/INFO]: Preparing spawn area: 0%
[21:37:28] [Worker-Main-3/INFO]: Preparing spawn area: 0%
[21:37:28] [Worker-Main-3/INFO]: Preparing spawn area: 0%
[21:37:28] [Worker-Main-2/INFO]: Preparing spawn area: 0%
[21:37:28] [Worker-Main-3/INFO]: Preparing spawn area: 0%
[21:37:29] [Worker-Main-2/INFO]: Preparing spawn area: 2%
[21:37:29] [Worker-Main-2/INFO]: Preparing spawn area: 2%
[21:37:30] [Worker-Main-1/INFO]: Preparing spawn area: 6%
[21:37:30] [Worker-Main-3/INFO]: Preparing spawn area: 18%
[21:37:31] [Worker-Main-2/INFO]: Preparing spawn area: 36%
[21:37:31] [Worker-Main-3/INFO]: Preparing spawn area: 68%
[21:37:32] [Worker-Main-2/INFO]: Preparing spawn area: 85%
[21:37:32] [Server thread/INFO]: Time elapsed: 6209 ms
[21:37:32] [Server thread/INFO]: Done (93.592s)! For help, type "help"
[21:39:52] [User Authenticator #1/INFO]: UUID of player TheD7ck is f807a515-ab3d-467e-9cf0-ed531f925157
[21:39:55] [Server thread/INFO]: TheD7ck joined the game
[21:39:58] [Server thread/INFO]: TheD7ck[/172.17.0.1:44676] logged in with entity id 413 at ([world]-6.5, 63.0, -1.5)
[21:39:58] [Server thread/WARN]: Can't keep up! Is the server overloaded? Running 5737ms or 114 ticks behind
[21:40:37] [Server thread/WARN]: Can't keep up! Is the server overloaded? Running 5377ms or 107 ticks behind
